<?xml version="1.0" encoding="UTF-8"?>
<!-- Generated by org.testng.reporters.JUnitReportReporter -->
<testsuite skipped="0" hostname="LAPTOP-38VJHH8C" name="testNGConcepts.TC004_AnnotationsConcept" tests="2" failures="0" timestamp="20 Dec 2021 19:07:25 GMT" time="0.005" errors="0">
  <testcase name="cancelTickets" time="0.001" classname="testNGConcepts.TC004_AnnotationsConcept"/>
  <testcase name="bookTickets" time="0.004" classname="testNGConcepts.TC004_AnnotationsConcept"/>
</testsuite> <!-- testNGConcepts.TC004_AnnotationsConcept -->
