<?xml version="1.0" encoding="UTF-8"?>
<!-- Generated by org.testng.reporters.JUnitReportReporter -->
<testsuite skipped="0" hostname="LAPTOP-38VJHH8C" name="testNGConcepts.FirstTestNGCode" tests="2" failures="0" timestamp="16 Dec 2021 16:00:38 GMT" time="0.012" errors="0">
  <testcase name="dispalyName" time="0.012" classname="testNGConcepts.FirstTestNGCode"/>
  <testcase name="displayMessage" time="0.000" classname="testNGConcepts.FirstTestNGCode"/>
</testsuite> <!-- testNGConcepts.FirstTestNGCode -->
