<?xml version="1.0" encoding="UTF-8"?>
<!-- Generated by org.testng.reporters.JUnitReportReporter -->
<testsuite skipped="0" hostname="LAPTOP-38VJHH8C" name="testNGConcepts.TC009_ExceptionsConcept" tests="1" failures="0" timestamp="22 Dec 2021 04:52:51 GMT" time="0.018" errors="0">
  <testcase name="exceptionTest" time="0.018" classname="testNGConcepts.TC009_ExceptionsConcept"/>
</testsuite> <!-- testNGConcepts.TC009_ExceptionsConcept -->
