<?xml version="1.0" encoding="UTF-8"?>
<!-- Generated by org.testng.reporters.JUnitReportReporter -->
<testsuite skipped="0" hostname="LAPTOP-38VJHH8C" name="testNGConcepts.TC014_PropertiesConcept" tests="1" failures="0" timestamp="28 Dec 2021 05:45:39 GMT" time="2.137" errors="0">
  <testcase name="setup" time="2.137" classname="testNGConcepts.TC014_PropertiesConcept"/>
</testsuite> <!-- testNGConcepts.TC014_PropertiesConcept -->
