<?xml version="1.0" encoding="UTF-8"?>
<!-- Generated by org.testng.reporters.JUnitReportReporter -->
<testsuite skipped="0" hostname="LAPTOP-38VJHH8C" name="testNGConcepts.TC001_DisplayMessages" tests="2" failures="0" timestamp="22 Dec 2021 06:13:32 GMT" time="0.010" errors="0">
  <testcase name="displayMessage" time="0.001" classname="testNGConcepts.TC001_DisplayMessages"/>
  <testcase name="dispalyName" time="0.009" classname="testNGConcepts.TC001_DisplayMessages"/>
</testsuite> <!-- testNGConcepts.TC001_DisplayMessages -->
