<?xml version="1.0" encoding="UTF-8"?>
<!-- Generated by org.testng.reporters.JUnitReportReporter -->
<testsuite skipped="0" hostname="LAPTOP-38VJHH8C" name="testNGConcepts.DataProviderConcept" tests="2" failures="0" timestamp="22 Dec 2021 05:40:25 GMT" time="0.012" errors="0">
  <testcase name="customerDetailsTest" time="0.010" classname="testNGConcepts.DataProviderConcept"/>
  <testcase name="customerDetailsTest" time="0.002" classname="testNGConcepts.DataProviderConcept"/>
</testsuite> <!-- testNGConcepts.DataProviderConcept -->
