<?xml version="1.0" encoding="UTF-8"?>
<!-- Generated by org.testng.reporters.JUnitReportReporter -->
<testsuite skipped="0" hostname="LAPTOP-38VJHH8C" name="regressionSuit.TC002_TestCasesPriority" tests="3" failures="0" timestamp="28 Dec 2021 02:03:17 GMT" time="0.002" errors="0">
  <testcase name="login" time="0.000" classname="regressionSuit.TC002_TestCasesPriority"/>
  <testcase name="bookTickets" time="0.001" classname="regressionSuit.TC002_TestCasesPriority"/>
  <testcase name="logout" time="0.001" classname="regressionSuit.TC002_TestCasesPriority"/>
</testsuite> <!-- regressionSuit.TC002_TestCasesPriority -->
