<?xml version="1.0" encoding="UTF-8"?>
<!-- Generated by org.testng.reporters.JUnitReportReporter -->
<testsuite skipped="0" hostname="LAPTOP-38VJHH8C" name="testNGConcepts.TC013_DataProviderFromOtherClass" tests="2" failures="0" timestamp="22 Dec 2021 05:59:00 GMT" time="0.011" errors="0">
  <testcase name="customerDetailsTest" time="0.000" classname="testNGConcepts.TC013_DataProviderFromOtherClass"/>
  <testcase name="customerDetailsTest" time="0.011" classname="testNGConcepts.TC013_DataProviderFromOtherClass"/>
</testsuite> <!-- testNGConcepts.TC013_DataProviderFromOtherClass -->
