<?xml version="1.0" encoding="UTF-8"?>
<!-- Generated by org.testng.reporters.JUnitReportReporter -->
<testsuite skipped="0" hostname="LAPTOP-38VJHH8C" name="testNGConcepts.TC010_InvocationCountConcept" tests="11" failures="0" timestamp="22 Dec 2021 04:56:57 GMT" time="0.020" errors="0">
  <testcase name="login" time="0.001" classname="testNGConcepts.TC010_InvocationCountConcept"/>
  <testcase name="login" time="0.001" classname="testNGConcepts.TC010_InvocationCountConcept"/>
  <testcase name="login" time="0.000" classname="testNGConcepts.TC010_InvocationCountConcept"/>
  <testcase name="login" time="0.001" classname="testNGConcepts.TC010_InvocationCountConcept"/>
  <testcase name="login" time="0.011" classname="testNGConcepts.TC010_InvocationCountConcept"/>
  <testcase name="login" time="0.001" classname="testNGConcepts.TC010_InvocationCountConcept"/>
  <testcase name="login" time="0.001" classname="testNGConcepts.TC010_InvocationCountConcept"/>
  <testcase name="login" time="0.001" classname="testNGConcepts.TC010_InvocationCountConcept"/>
  <testcase name="login" time="0.001" classname="testNGConcepts.TC010_InvocationCountConcept"/>
  <testcase name="login" time="0.001" classname="testNGConcepts.TC010_InvocationCountConcept"/>
  <testcase name="login" time="0.001" classname="testNGConcepts.TC010_InvocationCountConcept"/>
</testsuite> <!-- testNGConcepts.TC010_InvocationCountConcept -->
