<?xml version="1.0" encoding="UTF-8"?>
<!-- Generated by org.testng.reporters.JUnitReportReporter -->
<testsuite skipped="0" hostname="LAPTOP-38VJHH8C" name="smokeSuite.TC004_AnnotationsConcept" tests="2" failures="0" timestamp="28 Dec 2021 02:03:33 GMT" time="0.003" errors="0">
  <testcase name="bookTickets" time="0.003" classname="smokeSuite.TC004_AnnotationsConcept"/>
  <testcase name="cancelTickets" time="0.000" classname="smokeSuite.TC004_AnnotationsConcept"/>
</testsuite> <!-- smokeSuite.TC004_AnnotationsConcept -->
