<?xml version="1.0" encoding="UTF-8"?>
<!-- Generated by org.testng.reporters.JUnitReportReporter -->
<testsuite skipped="0" hostname="LAPTOP-38VJHH8C" name="testNGConcepts.TC012_DataProviderFromOtherClass" tests="2" failures="0" timestamp="22 Dec 2021 05:55:39 GMT" time="0.011" errors="0">
  <testcase name="customerDetailsTest" time="0.001" classname="testNGConcepts.TC012_DataProviderFromOtherClass"/>
  <testcase name="customerDetailsTest" time="0.010" classname="testNGConcepts.TC012_DataProviderFromOtherClass"/>
</testsuite> <!-- testNGConcepts.TC012_DataProviderFromOtherClass -->
