<?xml version="1.0" encoding="UTF-8"?>
<!-- Generated by org.testng.reporters.JUnitReportReporter -->
<testsuite skipped="0" hostname="LAPTOP-38VJHH8C" name="regressionSuit.TC001_DisplayMessages" tests="2" failures="0" timestamp="28 Dec 2021 02:03:17 GMT" time="0.008" errors="0">
  <testcase name="displayMessage" time="0.001" classname="regressionSuit.TC001_DisplayMessages"/>
  <testcase name="dispalyName" time="0.007" classname="regressionSuit.TC001_DisplayMessages"/>
</testsuite> <!-- regressionSuit.TC001_DisplayMessages -->
